<?xml version="1.0" encoding="UTF-8"?>
<coverage generated="1629176196070" clover="3.2.0">
  <project timestamp="1629176196070" name="All files">
    <metrics statements="24" coveredstatements="23" conditionals="8" coveredconditionals="8" methods="11" coveredmethods="10" elements="43" coveredelements="41" complexity="0" loc="24" ncloc="24" packages="1" files="1" classes="1"/>
    <file name="index.ts" path="/Users/ewhite/Documents/dev/use-poll/src/index.ts">
      <metrics statements="24" coveredstatements="23" conditionals="8" coveredconditionals="8" methods="11" coveredmethods="10"/>
      <line num="29" count="1" type="stmt"/>
      <line num="30" count="1" type="stmt"/>
      <line num="31" count="0" type="stmt"/>
      <line num="32" count="23" type="stmt"/>
      <line num="34" count="1" type="stmt"/>
      <line num="35" count="29" type="stmt"/>
      <line num="36" count="29" type="stmt"/>
      <line num="42" count="23" type="cond" truecount="2" falsecount="0"/>
      <line num="43" count="23" type="cond" truecount="2" falsecount="0"/>
      <line num="44" count="23" type="cond" truecount="2" falsecount="0"/>
      <line num="46" count="23" type="stmt"/>
      <line num="53" count="23" type="stmt"/>
      <line num="54" count="7" type="stmt"/>
      <line num="55" count="7" type="stmt"/>
      <line num="56" count="6" type="stmt"/>
      <line num="57" count="6" type="stmt"/>
      <line num="63" count="6" type="stmt"/>
      <line num="66" count="23" type="stmt"/>
      <line num="68" count="23" type="stmt"/>
      <line num="69" count="15" type="stmt"/>
      <line num="70" count="8" type="cond" truecount="2" falsecount="0"/>
      <line num="71" count="6" type="stmt"/>
      <line num="74" count="15" type="stmt"/>
      <line num="77" count="23" type="stmt"/>
    </file>
  </project>
</coverage>
