{"/Users/ewhite/Documents/dev/use-poll/src/index.ts": {"path":"/Users/ewhite/Documents/dev/use-poll/src/index.ts","statementMap":{"0":{"start":{"line":29,"column":35},"end":{"line":29,"column":43}},"1":{"start":{"line":30,"column":38},"end":{"line":31,"column":31}},"2":{"start":{"line":31,"column":2},"end":{"line":31,"column":31}},"3":{"start":{"line":32,"column":19},"end":{"line":32,"column":29}},"4":{"start":{"line":32,"column":25},"end":{"line":32,"column":29}},"5":{"start":{"line":34,"column":27},"end":{"line":37,"column":1}},"6":{"start":{"line":35,"column":26},"end":{"line":35,"column":39}},"7":{"start":{"line":36,"column":2},"end":{"line":36,"column":55}},"8":{"start":{"line":42,"column":21},"end":{"line":42,"column":61}},"9":{"start":{"line":43,"column":40},"end":{"line":43,"column":76}},"10":{"start":{"line":44,"column":26},"end":{"line":44,"column":62}},"11":{"start":{"line":46,"column":28},"end":{"line":51,"column":4}},"12":{"start":{"line":53,"column":18},"end":{"line":64,"column":3}},"13":{"start":{"line":54,"column":4},"end":{"line":54,"column":74}},"14":{"start":{"line":54,"column":32},"end":{"line":54,"column":71}},"15":{"start":{"line":55,"column":21},"end":{"line":55,"column":49}},"16":{"start":{"line":56,"column":16},"end":{"line":56,"column":26}},"17":{"start":{"line":57,"column":4},"end":{"line":62,"column":8}},"18":{"start":{"line":57,"column":32},"end":{"line":62,"column":5}},"19":{"start":{"line":63,"column":4},"end":{"line":63,"column":20}},"20":{"start":{"line":66,"column":49},"end":{"line":66,"column":75}},"21":{"start":{"line":66,"column":55},"end":{"line":66,"column":75}},"22":{"start":{"line":68,"column":2},"end":{"line":75,"column":53}},"23":{"start":{"line":69,"column":18},"end":{"line":73,"column":18}},"24":{"start":{"line":70,"column":6},"end":{"line":72,"column":7}},"25":{"start":{"line":71,"column":8},"end":{"line":71,"column":35}},"26":{"start":{"line":74,"column":4},"end":{"line":74,"column":38}},"27":{"start":{"line":74,"column":17},"end":{"line":74,"column":37}},"28":{"start":{"line":77,"column":2},"end":{"line":82,"column":4}}},"fnMap":{"0":{"name":"(anonymous_0)","decl":{"start":{"line":30,"column":38},"end":{"line":30,"column":39}},"loc":{"start":{"line":31,"column":2},"end":{"line":31,"column":31}},"line":31},"1":{"name":"(anonymous_1)","decl":{"start":{"line":32,"column":19},"end":{"line":32,"column":20}},"loc":{"start":{"line":32,"column":25},"end":{"line":32,"column":29}},"line":32},"2":{"name":"(anonymous_2)","decl":{"start":{"line":34,"column":27},"end":{"line":34,"column":28}},"loc":{"start":{"line":34,"column":62},"end":{"line":37,"column":1}},"line":34},"3":{"name":"usePoll","decl":{"start":{"line":39,"column":24},"end":{"line":39,"column":31}},"loc":{"start":{"line":41,"column":23},"end":{"line":83,"column":1}},"line":41},"4":{"name":"(anonymous_4)","decl":{"start":{"line":53,"column":18},"end":{"line":53,"column":19}},"loc":{"start":{"line":53,"column":56},"end":{"line":64,"column":3}},"line":53},"5":{"name":"(anonymous_5)","decl":{"start":{"line":54,"column":13},"end":{"line":54,"column":14}},"loc":{"start":{"line":54,"column":32},"end":{"line":54,"column":71}},"line":54},"6":{"name":"(anonymous_6)","decl":{"start":{"line":57,"column":13},"end":{"line":57,"column":14}},"loc":{"start":{"line":57,"column":32},"end":{"line":62,"column":5}},"line":57},"7":{"name":"(anonymous_7)","decl":{"start":{"line":66,"column":49},"end":{"line":66,"column":50}},"loc":{"start":{"line":66,"column":55},"end":{"line":66,"column":75}},"line":66},"8":{"name":"(anonymous_8)","decl":{"start":{"line":68,"column":12},"end":{"line":68,"column":13}},"loc":{"start":{"line":68,"column":18},"end":{"line":75,"column":3}},"line":68},"9":{"name":"(anonymous_9)","decl":{"start":{"line":69,"column":30},"end":{"line":69,"column":31}},"loc":{"start":{"line":69,"column":42},"end":{"line":73,"column":5}},"line":69},"10":{"name":"(anonymous_10)","decl":{"start":{"line":74,"column":11},"end":{"line":74,"column":12}},"loc":{"start":{"line":74,"column":17},"end":{"line":74,"column":37}},"line":74}},"branchMap":{"0":{"loc":{"start":{"line":42,"column":21},"end":{"line":42,"column":61}},"type":"binary-expr","locations":[{"start":{"line":42,"column":21},"end":{"line":42,"column":38}},{"start":{"line":42,"column":42},"end":{"line":42,"column":61}}],"line":42},"1":{"loc":{"start":{"line":43,"column":40},"end":{"line":43,"column":76}},"type":"binary-expr","locations":[{"start":{"line":43,"column":40},"end":{"line":43,"column":59}},{"start":{"line":43,"column":63},"end":{"line":43,"column":76}}],"line":43},"2":{"loc":{"start":{"line":44,"column":26},"end":{"line":44,"column":62}},"type":"binary-expr","locations":[{"start":{"line":44,"column":26},"end":{"line":44,"column":48}},{"start":{"line":44,"column":52},"end":{"line":44,"column":62}}],"line":44},"3":{"loc":{"start":{"line":70,"column":6},"end":{"line":72,"column":7}},"type":"if","locations":[{"start":{"line":70,"column":6},"end":{"line":72,"column":7}},{"start":{"line":70,"column":6},"end":{"line":72,"column":7}}],"line":70}},"s":{"0":1,"1":1,"2":0,"3":1,"4":23,"5":1,"6":29,"7":29,"8":23,"9":23,"10":23,"11":23,"12":23,"13":7,"14":7,"15":7,"16":6,"17":6,"18":6,"19":6,"20":23,"21":1,"22":23,"23":15,"24":8,"25":6,"26":15,"27":15,"28":23},"f":{"0":0,"1":23,"2":29,"3":23,"4":7,"5":7,"6":6,"7":1,"8":15,"9":8,"10":15},"b":{"0":[23,20],"1":[23,1],"2":[23,18],"3":[6,2]},"_coverageSchema":"1a1c01bbd47fc00a2c39e90264f33305004495a9","hash":"3fa92e2c16ef219813e432f7f99d27c386a85b4b"}
}
