TN:
SF:src/index.ts
FN:30,(anonymous_0)
FN:32,(anonymous_1)
FN:34,(anonymous_2)
FN:39,usePoll
FN:53,(anonymous_4)
FN:54,(anonymous_5)
FN:57,(anonymous_6)
FN:66,(anonymous_7)
FN:68,(anonymous_8)
FN:69,(anonymous_9)
FN:74,(anonymous_10)
FNF:11
FNH:10
FNDA:0,(anonymous_0)
FNDA:23,(anonymous_1)
FNDA:29,(anonymous_2)
FNDA:23,usePoll
FNDA:7,(anonymous_4)
FNDA:7,(anonymous_5)
FNDA:6,(anonymous_6)
FNDA:1,(anonymous_7)
FNDA:15,(anonymous_8)
FNDA:8,(anonymous_9)
FNDA:15,(anonymous_10)
DA:29,1
DA:30,1
DA:31,0
DA:32,23
DA:34,1
DA:35,29
DA:36,29
DA:42,23
DA:43,23
DA:44,23
DA:46,23
DA:53,23
DA:54,7
DA:55,7
DA:56,6
DA:57,6
DA:63,6
DA:66,23
DA:68,23
DA:69,15
DA:70,8
DA:71,6
DA:74,15
DA:77,23
LF:24
LH:23
BRDA:42,0,0,23
BRDA:42,0,1,20
BRDA:43,1,0,23
BRDA:43,1,1,1
BRDA:44,2,0,23
BRDA:44,2,1,18
BRDA:70,3,0,6
BRDA:70,3,1,2
BRF:8
BRH:8
end_of_record
